Сборка начата 23.02.2020 19:47:02.
     1>Проект "C:\Users\Николай\documents\visual studio 2010\Projects\VirtualMem\VirtualMem\VirtualMem.vcxproj" в узле 2 (целевые объекты build).
     1>InitializeBuildStatus:
         Создание "Debug\VirtualMem.unsuccessfulbuild", так как было задано "AlwaysCreate".
       ClCompile:
         C:\Program Files (x86)\Microsoft Visual Studio 10.0\VC\bin\CL.exe /c /ZI /nologo /W3 /WX- /Od /Oy- /D _MBCS /Gm /EHsc /RTC1 /MDd /GS /fp:precise /Zc:wchar_t /Zc:forScope /Fo"Debug\\" /Fd"Debug\vc100.pdb" /Gd /TP /analyze- /errorReport:prompt Virtualmem.cpp
         Virtualmem.cpp
       Link:
         C:\Program Files (x86)\Microsoft Visual Studio 10.0\VC\bin\link.exe /ERRORREPORT:PROMPT /OUT:"C:\Users\Николай\documents\visual studio 2010\Projects\VirtualMem\Debug\VirtualMem.exe" /NOLOGO kernel32.lib user32.lib gdi32.lib winspool.lib comdlg32.lib advapi32.lib shell32.lib ole32.lib oleaut32.lib uuid.lib odbc32.lib odbccp32.lib /MANIFEST /ManifestFile:"Debug\VirtualMem.exe.intermediate.manifest" /MANIFESTUAC:"level='asInvoker' uiAccess='false'" /DEBUG /PDB:"C:\Users\Николай\documents\visual studio 2010\Projects\VirtualMem\Debug\VirtualMem.pdb" /TLBID:1 /DYNAMICBASE /NXCOMPAT /IMPLIB:"C:\Users\Николай\documents\visual studio 2010\Projects\VirtualMem\Debug\VirtualMem.lib" /MACHINE:X86 Debug\VirtualArray.obj
         Debug\Virtualmem.obj
         LINK : не найден или не выполнена сборка C:\Users\Николай\documents\visual studio 2010\Projects\VirtualMem\Debug\VirtualMem.exe при последней инкрементной компоновке; выполняется полная компоновка
         VirtualMem.vcxproj -> C:\Users\Николай\documents\visual studio 2010\Projects\VirtualMem\Debug\VirtualMem.exe
       Manifest:
         C:\Program Files (x86)\Microsoft SDKs\Windows\v7.0A\bin\mt.exe /nologo /verbose /outputresource:"C:\Users\Николай\documents\visual studio 2010\Projects\VirtualMem\Debug\VirtualMem.exe;#1" /manifest Debug\VirtualMem.exe.intermediate.manifest
       FinalizeBuildStatus:
         Файл "Debug\VirtualMem.unsuccessfulbuild" удаляется.
         Обращение к "Debug\VirtualMem.lastbuildstate".
     1>Построение проекта "C:\Users\Николай\documents\visual studio 2010\Projects\VirtualMem\VirtualMem\VirtualMem.vcxproj" завершено (целевые объекты build).

Построение успешно завершено.

Затраченное время: 00:00:01.73
